<?xml version="1.0" encoding="UTF-8"?>
<!-- Generated by org.testng.reporters.JUnitXMLReporter -->
<testsuite hostname="IN2086047W1" ignored="2" name="Test" tests="4" failures="0" timestamp="2020-01-04T16:32:24 IST" time="83.83" errors="0">
  <testcase name="@BeforeMethod beforeMethod" time="61.803" classname="com.leafBot.testng.api.base.ProjectSpecificMethods">
    <failure type="java.lang.NullPointerException">
      <![CDATA[java.lang.NullPointerException
at com.leafBot.selenium.api.base.SeleniumBase.takeSnap(SeleniumBase.java:469)
at utils.Reporter.reportStep(Reporter.java:48)
at utils.Reporter.reportStep(Reporter.java:64)
at com.leafBot.selenium.api.base.SeleniumBase.startApp(SeleniumBase.java:275)
at com.leafBot.testng.api.base.ProjectSpecificMethods.beforeMethod(ProjectSpecificMethods.java:26)
at java.util.concurrent.ThreadPoolExecutor.runWorker(ThreadPoolExecutor.java:1149)
at java.util.concurrent.ThreadPoolExecutor$Worker.run(ThreadPoolExecutor.java:624)
at java.lang.Thread.run(Thread.java:748)
... Removed 16 stack frames]]>
    </failure>
  </testcase> <!-- @BeforeMethod beforeMethod -->
  <testcase name="@AfterMethod afterMethod" time="-1.578135723123E9" classname="com.leafBot.testng.api.base.ProjectSpecificMethods">
    <skipped/>
  </testcase> <!-- @AfterMethod afterMethod -->
  <testcase name="@BeforeMethod beforeMethod" time="-1.578135723124E9" classname="com.leafBot.testng.api.base.ProjectSpecificMethods">
    <skipped/>
  </testcase> <!-- @BeforeMethod beforeMethod -->
  <testcase name="@AfterMethod afterMethod" time="-1.578135723129E9" classname="com.leafBot.testng.api.base.ProjectSpecificMethods">
    <skipped/>
  </testcase> <!-- @AfterMethod afterMethod -->
  <testcase name="editLead" time="23.109" classname="com.leafBot.testcases.TC004_EditLead"/>
  <testcase name="createLead" time="0.0" classname="com.leafBot.testcases.TC003_CreateLead">
    <skipped/>
  </testcase> <!-- createLead -->
  <testcase name="createLead" time="0.0" classname="com.leafBot.testcases.TC003_CreateLead">
    <skipped/>
  </testcase> <!-- createLead -->
  <testcase name="editLead" time="22.021" classname="com.leafBot.testcases.TC004_EditLead"/>
  <testcase name="@AfterSuite stopReport" time="0.0" classname="utils.Reporter">
    <ignored/>
  </testcase> <!-- @AfterSuite stopReport -->
  <testcase name="@BeforeSuite startReport" time="0.0" classname="utils.Reporter">
    <ignored/>
  </testcase> <!-- @BeforeSuite startReport -->
</testsuite> <!-- Test -->
